<?xml version="1.0" encoding="UTF-8"?>
<!-- Generated by org.testng.reporters.JUnitReportReporter -->
<testsuite hostname="DESKTOP-04S7ICQ" failures="0" tests="8" name="cucumber.Options.TestNgRunner" time="12.415" errors="0" timestamp="2024-07-23T19:34:59 IST" skipped="0">
  <testcase classname="cucumber.Options.TestNgRunner" name="runScenario" time="0.436"/>
  <system-out/>
  <testcase classname="cucumber.Options.TestNgRunner" name="runScenario" time="0.543"/>
  <system-out/>
  <testcase classname="cucumber.Options.TestNgRunner" name="runScenario" time="7.379"/>
  <system-out/>
  <testcase classname="cucumber.Options.TestNgRunner" name="runScenario" time="0.489"/>
  <system-out/>
  <testcase classname="cucumber.Options.TestNgRunner" name="runScenario" time="1.528"/>
  <system-out/>
  <testcase classname="cucumber.Options.TestNgRunner" name="runScenario" time="0.429"/>
  <system-out/>
  <testcase classname="cucumber.Options.TestNgRunner" name="runScenario" time="0.620"/>
  <system-out/>
  <testcase classname="cucumber.Options.TestNgRunner" name="runScenario" time="0.991"/>
  <system-out/>
</testsuite> <!-- cucumber.Options.TestNgRunner -->
