<?xml version="1.0" encoding="UTF-8"?>
<!-- Generated by org.testng.reporters.JUnitReportReporter -->
<testsuite hostname="DESKTOP-04S7ICQ" failures="0" tests="8" name="cucumber.Options.TestNgRunner" time="8.657" errors="0" timestamp="2024-07-23T20:02:22 IST" skipped="0">
  <testcase classname="cucumber.Options.TestNgRunner" name="runScenario" time="0.290"/>
  <testcase classname="cucumber.Options.TestNgRunner" name="runScenario" time="5.096"/>
  <testcase classname="cucumber.Options.TestNgRunner" name="runScenario" time="0.615"/>
  <testcase classname="cucumber.Options.TestNgRunner" name="runScenario" time="0.832"/>
  <testcase classname="cucumber.Options.TestNgRunner" name="runScenario" time="0.414"/>
  <testcase classname="cucumber.Options.TestNgRunner" name="runScenario" time="0.601"/>
  <testcase classname="cucumber.Options.TestNgRunner" name="runScenario" time="0.495"/>
  <testcase classname="cucumber.Options.TestNgRunner" name="runScenario" time="0.314"/>
</testsuite> <!-- cucumber.Options.TestNgRunner -->
